find_header: checking for float.h... -------------------- yes

"clang -o conftest -I/Users/kyktommy/.rbenv/versions/custom-2.0.0-p0/include/ruby-2.0.0/x86_64-darwin12.3.0 -I/Users/kyktommy/.rbenv/versions/custom-2.0.0-p0/include/ruby-2.0.0/ruby/backward -I/Users/kyktommy/.rbenv/versions/custom-2.0.0-p0/include/ruby-2.0.0 -I. -I'/Users/kyktommy/.rbenv/versions/custom-2.0.0-p0/include'  -D_XOPEN_SOURCE -D_DARWIN_C_SOURCE -D_DARWIN_UNLIMITED_SELECT -D_REENTRANT    -O3 -ggdb -Wall -Wextra -Wno-unused-parameter -Wno-parentheses -Wno-long-long -Wno-missing-field-initializers -Wunused-variable -Wpointer-arith -Wwrite-strings -Wdeclaration-after-statement -Wshorten-64-to-32 -Wimplicit-function-declaration  -pipe conftest.c  -L. -L/Users/kyktommy/.rbenv/versions/custom-2.0.0-p0/lib -L. -L'/Users/kyktommy/.rbenv/versions/custom-2.0.0-p0/lib'  -L/usr/local/lib     -lruby-static  -lpthread -ldl -lobjc "
checked program was:
/* begin */
1: #include "ruby.h"
2: 
3: int main(void) {return 0;}
/* end */

"clang -E -I/Users/kyktommy/.rbenv/versions/custom-2.0.0-p0/include/ruby-2.0.0/x86_64-darwin12.3.0 -I/Users/kyktommy/.rbenv/versions/custom-2.0.0-p0/include/ruby-2.0.0/ruby/backward -I/Users/kyktommy/.rbenv/versions/custom-2.0.0-p0/include/ruby-2.0.0 -I. -I'/Users/kyktommy/.rbenv/versions/custom-2.0.0-p0/include'  -D_XOPEN_SOURCE -D_DARWIN_C_SOURCE -D_DARWIN_UNLIMITED_SELECT -D_REENTRANT    -O3 -ggdb -Wall -Wextra -Wno-unused-parameter -Wno-parentheses -Wno-long-long -Wno-missing-field-initializers -Wunused-variable -Wpointer-arith -Wwrite-strings -Wdeclaration-after-statement -Wshorten-64-to-32 -Wimplicit-function-declaration  -pipe  conftest.c -o conftest.i"
checked program was:
/* begin */
1: #include "ruby.h"
2: 
3: #include <float.h>
/* end */

--------------------

find_header: checking for ruby.h... -------------------- yes

"clang -E -I/Users/kyktommy/.rbenv/versions/custom-2.0.0-p0/include/ruby-2.0.0/x86_64-darwin12.3.0 -I/Users/kyktommy/.rbenv/versions/custom-2.0.0-p0/include/ruby-2.0.0/ruby/backward -I/Users/kyktommy/.rbenv/versions/custom-2.0.0-p0/include/ruby-2.0.0 -I. -I'/Users/kyktommy/.rbenv/versions/custom-2.0.0-p0/include'  -D_XOPEN_SOURCE -D_DARWIN_C_SOURCE -D_DARWIN_UNLIMITED_SELECT -D_REENTRANT    -O3 -ggdb -Wall -Wextra -Wno-unused-parameter -Wno-parentheses -Wno-long-long -Wno-missing-field-initializers -Wunused-variable -Wpointer-arith -Wwrite-strings -Wdeclaration-after-statement -Wshorten-64-to-32 -Wimplicit-function-declaration  -pipe  conftest.c -o conftest.i"
checked program was:
/* begin */
1: #include "ruby.h"
2: 
3: #include <ruby.h>
/* end */

--------------------

find_header: checking for stdlib.h... -------------------- yes

"clang -E -I/Users/kyktommy/.rbenv/versions/custom-2.0.0-p0/include/ruby-2.0.0/x86_64-darwin12.3.0 -I/Users/kyktommy/.rbenv/versions/custom-2.0.0-p0/include/ruby-2.0.0/ruby/backward -I/Users/kyktommy/.rbenv/versions/custom-2.0.0-p0/include/ruby-2.0.0 -I. -I'/Users/kyktommy/.rbenv/versions/custom-2.0.0-p0/include'  -D_XOPEN_SOURCE -D_DARWIN_C_SOURCE -D_DARWIN_UNLIMITED_SELECT -D_REENTRANT    -O3 -ggdb -Wall -Wextra -Wno-unused-parameter -Wno-parentheses -Wno-long-long -Wno-missing-field-initializers -Wunused-variable -Wpointer-arith -Wwrite-strings -Wdeclaration-after-statement -Wshorten-64-to-32 -Wimplicit-function-declaration  -pipe  conftest.c -o conftest.i"
checked program was:
/* begin */
1: #include "ruby.h"
2: 
3: #include <stdlib.h>
/* end */

--------------------

find_header: checking for string.h... -------------------- yes

"clang -E -I/Users/kyktommy/.rbenv/versions/custom-2.0.0-p0/include/ruby-2.0.0/x86_64-darwin12.3.0 -I/Users/kyktommy/.rbenv/versions/custom-2.0.0-p0/include/ruby-2.0.0/ruby/backward -I/Users/kyktommy/.rbenv/versions/custom-2.0.0-p0/include/ruby-2.0.0 -I. -I'/Users/kyktommy/.rbenv/versions/custom-2.0.0-p0/include'  -D_XOPEN_SOURCE -D_DARWIN_C_SOURCE -D_DARWIN_UNLIMITED_SELECT -D_REENTRANT    -O3 -ggdb -Wall -Wextra -Wno-unused-parameter -Wno-parentheses -Wno-long-long -Wno-missing-field-initializers -Wunused-variable -Wpointer-arith -Wwrite-strings -Wdeclaration-after-statement -Wshorten-64-to-32 -Wimplicit-function-declaration  -pipe  conftest.c -o conftest.i"
checked program was:
/* begin */
1: #include "ruby.h"
2: 
3: #include <string.h>
/* end */

--------------------

have_header: checking for pthread.h... -------------------- yes

"clang -E -I/Users/kyktommy/.rbenv/versions/custom-2.0.0-p0/include/ruby-2.0.0/x86_64-darwin12.3.0 -I/Users/kyktommy/.rbenv/versions/custom-2.0.0-p0/include/ruby-2.0.0/ruby/backward -I/Users/kyktommy/.rbenv/versions/custom-2.0.0-p0/include/ruby-2.0.0 -I. -I'/Users/kyktommy/.rbenv/versions/custom-2.0.0-p0/include'  -D_XOPEN_SOURCE -D_DARWIN_C_SOURCE -D_DARWIN_UNLIMITED_SELECT -D_REENTRANT    -O3 -ggdb -Wall -Wextra -Wno-unused-parameter -Wno-parentheses -Wno-long-long -Wno-missing-field-initializers -Wunused-variable -Wpointer-arith -Wwrite-strings -Wdeclaration-after-statement -Wshorten-64-to-32 -Wimplicit-function-declaration  -pipe  conftest.c -o conftest.i"
checked program was:
/* begin */
1: #include "ruby.h"
2: 
3: #include <pthread.h>
/* end */

--------------------

